[2025-03-10 02:18:00] DEBUG: Loading route file: routes/web.php
[2025-03-10 02:18:02] DEBUG: Loading route file: routes/web.php
[2025-03-10 02:18:56] DEBUG: Loading route file: routes/web.php
[2025-03-10 02:19:23] DEBUG: Loading route file: routes/web.php
[2025-03-10 02:19:38] DEBUG: Loading route file: routes/web.php
[2025-03-10 02:20:27] DEBUG: Loading route file: routes/web.php
[2025-03-10 03:35:11] DEBUG: Loading route file: routes/web.php
[2025-03-10 03:39:54] DEBUG: Loading route file: routes/web.php
[2025-03-10 03:39:55] DEBUG: Loading route file: routes/web.php
[2025-03-10 03:39:55] DEBUG: Loading route file: routes/web.php
[2025-03-10 03:39:55] DEBUG: Loading route file: routes/web.php
[2025-03-10 03:39:55] DEBUG: Loading route file: routes/web.php
[2025-03-10 03:39:55] DEBUG: Loading route file: routes/web.php
[2025-03-10 03:43:02] DEBUG: Loading route file: routes/web.php
[2025-03-10 03:43:03] DEBUG: Loading route file: routes/web.php
[2025-03-10 03:43:03] DEBUG: Loading route file: routes/web.php
[2025-03-10 03:43:03] DEBUG: Loading route file: routes/web.php
[2025-03-10 03:43:03] DEBUG: Loading route file: routes/web.php
[2025-03-10 03:43:03] DEBUG: Loading route file: routes/web.php
[2025-03-10 03:45:59] DEBUG: Loading route file: routes/web.php
[2025-03-10 03:45:59] ERROR: Failed to load route file: routes/web.php - Failed opening required '/Volumes/www/github/lapa/routes/../protects.php' (include_path='.:/opt/homebrew/Cellar/php@8.1/8.1.31/share/php@8.1/pear')
[2025-03-10 03:46:00] DEBUG: Loading route file: routes/web.php
[2025-03-10 03:46:00] ERROR: Failed to load route file: routes/web.php - Failed opening required '/Volumes/www/github/lapa/routes/../protects.php' (include_path='.:/opt/homebrew/Cellar/php@8.1/8.1.31/share/php@8.1/pear')
[2025-03-10 03:46:00] DEBUG: Loading route file: routes/web.php
[2025-03-10 03:46:00] ERROR: Failed to load route file: routes/web.php - Failed opening required '/Volumes/www/github/lapa/routes/../protects.php' (include_path='.:/opt/homebrew/Cellar/php@8.1/8.1.31/share/php@8.1/pear')
[2025-03-10 03:46:01] DEBUG: Loading route file: routes/web.php
[2025-03-10 03:46:01] ERROR: Failed to load route file: routes/web.php - Failed opening required '/Volumes/www/github/lapa/routes/../protects.php' (include_path='.:/opt/homebrew/Cellar/php@8.1/8.1.31/share/php@8.1/pear')
[2025-03-10 03:46:01] DEBUG: Loading route file: routes/web.php
[2025-03-10 03:46:01] ERROR: Failed to load route file: routes/web.php - Failed opening required '/Volumes/www/github/lapa/routes/../protects.php' (include_path='.:/opt/homebrew/Cellar/php@8.1/8.1.31/share/php@8.1/pear')
[2025-03-10 03:46:01] DEBUG: Loading route file: routes/web.php
[2025-03-10 03:46:01] ERROR: Failed to load route file: routes/web.php - Failed opening required '/Volumes/www/github/lapa/routes/../protects.php' (include_path='.:/opt/homebrew/Cellar/php@8.1/8.1.31/share/php@8.1/pear')
[2025-03-10 03:46:32] DEBUG: Loading route file: routes/web.php
[2025-03-10 03:46:32] ERROR: Failed to load route file: routes/web.php - Failed opening required '/Volumes/www/github/lapa/routes/../protects.php' (include_path='.:/opt/homebrew/Cellar/php@8.1/8.1.31/share/php@8.1/pear')
[2025-03-10 03:46:57] DEBUG: Loading route file: routes/web.php
[2025-03-10 03:47:05] DEBUG: Loading route file: routes/web.php
[2025-03-10 03:47:06] DEBUG: Loading route file: routes/web.php
[2025-03-10 03:47:06] DEBUG: Loading route file: routes/web.php
[2025-03-10 03:47:06] DEBUG: Loading route file: routes/web.php
[2025-03-10 03:47:06] DEBUG: Loading route file: routes/web.php
[2025-03-10 03:47:06] DEBUG: Loading route file: routes/web.php
[2025-03-10 03:47:18] DEBUG: Loading route file: routes/web.php
[2025-03-10 03:47:33] DEBUG: Loading route file: routes/web.php
[2025-03-10 03:48:10] DEBUG: Loading route file: routes/web.php
[2025-03-10 04:05:06] DEBUG: Loading route file: routes/web.php
[2025-03-10 04:06:22] DEBUG: Loading route file: routes/web.php
[2025-03-10 04:07:06] DEBUG: Loading route file: routes/web.php
[2025-03-10 04:07:09] DEBUG: Loading route file: routes/web.php
[2025-03-10 04:07:37] DEBUG: Loading route file: routes/web.php
[2025-03-10 04:07:37] ERROR: Failed to load route file: routes/web.php - Class "Route" not found
[2025-03-10 04:08:09] DEBUG: Loading route file: routes/web.php
[2025-03-10 04:08:17] DEBUG: Loading route file: routes/web.php
[2025-03-10 04:08:28] DEBUG: Loading route file: routes/web.php
[2025-03-10 04:08:28] ERROR: Failed to load route file: routes/web.php - syntax error, unexpected token "=", expecting "]"
[2025-03-10 04:08:55] DEBUG: Loading route file: routes/web.php
[2025-03-10 04:09:03] DEBUG: Loading route file: routes/web.php
[2025-03-10 04:10:42] DEBUG: Loading route file: routes/web.php
[2025-03-10 04:10:44] DEBUG: Loading route file: routes/web.php
[2025-03-10 04:11:43] DEBUG: Loading route file: routes/web.php
[2025-03-10 04:11:47] DEBUG: Loading route file: routes/web.php
[2025-03-10 04:11:48] DEBUG: Loading route file: routes/web.php
[2025-03-10 04:11:54] DEBUG: Loading route file: routes/web.php
[2025-03-10 04:11:55] DEBUG: Loading route file: routes/web.php
[2025-03-10 04:12:12] DEBUG: Loading route file: routes/web.php
[2025-03-10 04:12:12] ERROR: Failed to load route file: routes/web.php - syntax error, unexpected token "return"
[2025-03-10 04:12:21] DEBUG: Loading route file: routes/web.php
[2025-03-10 04:12:36] DEBUG: Loading route file: routes/web.php
[2025-03-10 04:12:47] DEBUG: Loading route file: routes/web.php
[2025-03-10 04:12:48] DEBUG: Loading route file: routes/web.php
[2025-03-10 04:13:01] DEBUG: Loading route file: routes/web.php
[2025-03-10 04:13:03] DEBUG: Loading route file: routes/web.php
[2025-03-10 04:17:57] DEBUG: Loading route file: routes/web.php
[2025-03-10 04:18:00] DEBUG: Loading route file: routes/web.php
[2025-03-10 04:19:50] DEBUG: Loading route file: routes/web.php
[2025-03-10 04:19:51] DEBUG: Loading route file: routes/web.php
[2025-03-10 04:20:13] DEBUG: Loading route file: routes/web.php
[2025-03-10 04:27:38] DEBUG: Loading route file: routes/web.php
[2025-03-10 04:28:14] DEBUG: Loading route file: routes/web.php
[2025-03-10 04:29:07] DEBUG: Loading route file: routes/web.php
[2025-03-10 04:31:01] DEBUG: Loading route file: routes/example.php
[2025-03-10 04:31:02] DEBUG: Loading route file: routes/web.php
[2025-03-10 04:31:17] DEBUG: Loading route file: routes/example.php
[2025-03-10 04:31:17] DEBUG: Loading route file: routes/web.php
[2025-03-10 04:32:26] DEBUG: Loading route file: routes/example.php
[2025-03-10 04:32:26] DEBUG: Loading route file: routes/web.php
[2025-03-10 04:32:28] DEBUG: Loading route file: routes/example.php
[2025-03-10 04:32:28] DEBUG: Loading route file: routes/web.php
[2025-03-10 04:34:50] DEBUG: Loading route file: routes/example.php
[2025-03-10 04:34:50] DEBUG: Loading route file: routes/web.php
[2025-03-10 04:35:06] DEBUG: Loading route file: routes/example.php
[2025-03-10 04:35:06] DEBUG: Loading route file: routes/web.php
[2025-03-10 04:35:11] DEBUG: Loading route file: routes/example.php
[2025-03-10 04:35:11] DEBUG: Loading route file: routes/web.php
[2025-03-10 04:35:17] DEBUG: Loading route file: routes/example.php
[2025-03-10 04:35:17] DEBUG: Loading route file: routes/web.php
[2025-03-10 04:37:39] DEBUG: Loading route file: routes/example.php
[2025-03-10 04:37:39] DEBUG: Loading route file: routes/web.php
[2025-03-10 04:39:35] DEBUG: Loading route file: routes/example.php
[2025-03-10 04:39:35] DEBUG: Loading route file: routes/web.php
[2025-03-10 04:39:39] DEBUG: Loading route file: routes/example.php
[2025-03-10 04:39:39] DEBUG: Loading route file: routes/web.php
[2025-03-10 04:39:42] DEBUG: Loading route file: routes/example.php
[2025-03-10 04:39:42] DEBUG: Loading route file: routes/web.php
[2025-03-10 04:40:02] DEBUG: Loading route file: routes/example.php
[2025-03-10 04:40:02] DEBUG: Loading route file: routes/web.php
[2025-03-10 04:40:10] DEBUG: Loading route file: routes/example.php
[2025-03-10 04:40:10] DEBUG: Loading route file: routes/web.php
[2025-03-10 04:40:39] DEBUG: Loading route file: routes/example.php
[2025-03-10 04:40:39] DEBUG: Loading route file: routes/web.php
