[2025-03-11 14:00:42] DEBUG: Loading route file: routes/example.php
[2025-03-11 14:00:42] DEBUG: Loading route file: routes/web.php
[2025-03-11 14:01:00] DEBUG: Loading route file: routes/example.php
[2025-03-11 14:01:00] DEBUG: Loading route file: routes/web.php
[2025-03-11 14:01:11] DEBUG: Loading route file: routes/example.php
[2025-03-11 14:01:11] DEBUG: Loading route file: routes/web.php
[2025-03-11 14:01:24] DEBUG: Loading route file: routes/example.php
[2025-03-11 14:01:24] DEBUG: Loading route file: routes/web.php
[2025-03-11 14:01:31] DEBUG: Loading route file: routes/example.php
[2025-03-11 14:01:31] DEBUG: Loading route file: routes/web.php
[2025-03-11 14:03:57] DEBUG: Loading route file: routes/example.php
[2025-03-11 14:03:57] DEBUG: Loading route file: routes/web.php
[2025-03-11 14:05:28] DEBUG: Loading route file: routes/example.php
[2025-03-11 14:05:28] DEBUG: Loading route file: routes/web.php
[2025-03-11 14:06:42] DEBUG: Loading route file: routes/example.php
[2025-03-11 14:06:42] DEBUG: Loading route file: routes/web.php
[2025-03-11 14:07:27] DEBUG: Loading route file: routes/example.php
[2025-03-11 14:07:27] DEBUG: Loading route file: routes/web.php
[2025-03-11 14:08:29] DEBUG: Loading route file: routes/example.php
[2025-03-11 14:08:29] DEBUG: Loading route file: routes/web.php
[2025-03-11 14:08:30] DEBUG: Loading route file: routes/example.php
[2025-03-11 14:08:30] DEBUG: Loading route file: routes/web.php
[2025-03-11 14:09:16] DEBUG: Loading route file: routes/example.php
[2025-03-11 14:09:16] DEBUG: Loading route file: routes/web.php
[2025-03-11 14:10:30] DEBUG: Loading route file: routes/example.php
[2025-03-11 14:10:30] DEBUG: Loading route file: routes/web.php
[2025-03-11 14:10:36] DEBUG: Loading route file: routes/example.php
[2025-03-11 14:10:36] DEBUG: Loading route file: routes/web.php
[2025-03-11 14:13:17] DEBUG: Loading route file: routes/example.php
[2025-03-11 14:13:17] DEBUG: Loading route file: routes/web.php
[2025-03-11 14:13:26] DEBUG: Loading route file: routes/example.php
[2025-03-11 14:13:26] DEBUG: Loading route file: routes/web.php
[2025-03-11 14:13:39] DEBUG: Loading route file: routes/example.php
[2025-03-11 14:13:39] DEBUG: Loading route file: routes/web.php
[2025-03-11 14:17:29] DEBUG: Loading route file: routes/example.php
[2025-03-11 14:17:29] DEBUG: Loading route file: routes/web.php
[2025-03-11 14:18:24] DEBUG: Loading route file: routes/example.php
[2025-03-11 14:18:24] DEBUG: Loading route file: routes/web.php
[2025-03-11 14:18:25] DEBUG: Loading route file: routes/example.php
[2025-03-11 14:18:25] DEBUG: Loading route file: routes/web.php
[2025-03-11 14:18:28] DEBUG: Loading route file: routes/example.php
[2025-03-11 14:18:28] DEBUG: Loading route file: routes/web.php
[2025-03-11 14:20:14] DEBUG: Loading route file: routes/example.php
[2025-03-11 14:20:14] DEBUG: Loading route file: routes/web.php
[2025-03-11 14:20:24] DEBUG: Loading route file: routes/example.php
[2025-03-11 14:20:24] DEBUG: Loading route file: routes/web.php
[2025-03-11 14:20:42] DEBUG: Loading route file: routes/example.php
[2025-03-11 14:20:42] DEBUG: Loading route file: routes/web.php
[2025-03-11 14:21:06] DEBUG: Loading route file: routes/example.php
[2025-03-11 14:21:06] DEBUG: Loading route file: routes/web.php
[2025-03-11 14:22:42] DEBUG: Loading route file: routes/example.php
[2025-03-11 14:22:43] DEBUG: Loading route file: routes/web.php
[2025-03-11 14:41:30] DEBUG: Loading route file: routes/api.php
[2025-03-11 14:41:30] DEBUG: Loading route file: routes/example.php
[2025-03-11 14:41:30] DEBUG: Loading route file: routes/web.php
[2025-03-11 23:23:50] DEBUG: Loading route file: /Volumes/www/github/lapa/routes/api.php
[2025-03-11 23:23:50] ERROR: Failed to load route file: /Volumes/www/github/lapa/routes/api.php - Method protect() does not exist
[2025-03-11 23:23:50] DEBUG: Loading route file: /Volumes/www/github/lapa/routes/example.php
[2025-03-11 23:23:50] ERROR: Failed to load route file: /Volumes/www/github/lapa/routes/example.php - Method register() does not exist
[2025-03-11 23:23:50] DEBUG: Loading route file: /Volumes/www/github/lapa/routes/web.php
[2025-03-11 23:43:46] DEBUG: Loading route file: /Volumes/www/github/lapa/routes/api.php
[2025-03-11 23:43:46] ERROR: Failed to load route file: /Volumes/www/github/lapa/routes/api.php - Method protect() does not exist
[2025-03-11 23:43:46] DEBUG: Loading route file: /Volumes/www/github/lapa/routes/example.php
[2025-03-11 23:43:46] ERROR: Failed to load route file: /Volumes/www/github/lapa/routes/example.php - Method register() does not exist
[2025-03-11 23:43:46] DEBUG: Loading route file: /Volumes/www/github/lapa/routes/web.php
[2025-03-11 23:46:44] DEBUG: Loading route file: /Volumes/www/github/lapa/routes/api.php
[2025-03-11 23:46:44] ERROR: Failed to load route file: /Volumes/www/github/lapa/routes/api.php - Method protect() does not exist
[2025-03-11 23:46:44] DEBUG: Loading route file: /Volumes/www/github/lapa/routes/example.php
[2025-03-11 23:46:44] ERROR: Failed to load route file: /Volumes/www/github/lapa/routes/example.php - Method register() does not exist
[2025-03-11 23:46:44] DEBUG: Loading route file: /Volumes/www/github/lapa/routes/web.php
